Number of samples with bicycle: 592
creating index...
index created!
Test:  [ 0/37]  eta: 0:00:59  model_time: 1.1900 (1.1900)  evaluator_time: 0.0101 (0.0101)  time: 1.6126  data: 0.3712  max mem: 11319
Test:  [36/37]  eta: 0:00:00  model_time: 0.6184 (0.6332)  evaluator_time: 0.0119 (0.0170)  time: 0.9575  data: 0.2778  max mem: 11319
Test: Total time: 0:00:36 (0.9784 s / it)
Averaged stats: model_time: 0.6184 (0.6332)  evaluator_time: 0.0119 (0.0170)
Accumulating evaluation results...
DONE (t=0.05s).
IoU metric: bbox
 Average Precision  (AP) @[ IoU=0.50:0.95 | area=   all | maxDets=100 ] = 0.218
 Average Precision  (AP) @[ IoU=0.50      | area=   all | maxDets=100 ] = 0.510
 Average Precision  (AP) @[ IoU=0.75      | area=   all | maxDets=100 ] = 0.151
 Average Precision  (AP) @[ IoU=0.50:0.95 | area= small | maxDets=100 ] = 0.036
 Average Precision  (AP) @[ IoU=0.50:0.95 | area=medium | maxDets=100 ] = 0.236
 Average Precision  (AP) @[ IoU=0.50:0.95 | area= large | maxDets=100 ] = 0.409
 Average Recall     (AR) @[ IoU=0.50:0.95 | area=   all | maxDets=  1 ] = 0.193
 Average Recall     (AR) @[ IoU=0.50:0.95 | area=   all | maxDets= 10 ] = 0.288
 Average Recall     (AR) @[ IoU=0.50:0.95 | area=   all | maxDets=100 ] = 0.300
 Average Recall     (AR) @[ IoU=0.50:0.95 | area= small | maxDets=100 ] = 0.086
 Average Recall     (AR) @[ IoU=0.50:0.95 | area=medium | maxDets=100 ] = 0.328
 Average Recall     (AR) @[ IoU=0.50:0.95 | area= large | maxDets=100 ] = 0.502
Number of samples with bus: 1299
creating index...
index created!
Test:  [ 0/82]  eta: 0:01:21  model_time: 0.6367 (0.6367)  evaluator_time: 0.0092 (0.0092)  time: 0.9884  data: 0.2901  max mem: 11319
Test:  [81/82]  eta: 0:00:00  model_time: 0.6219 (0.6142)  evaluator_time: 0.0092 (0.0155)  time: 0.9130  data: 0.2560  max mem: 11319
Test: Total time: 0:01:16 (0.9384 s / it)
Averaged stats: model_time: 0.6219 (0.6142)  evaluator_time: 0.0092 (0.0155)
Accumulating evaluation results...
DONE (t=0.11s).
IoU metric: bbox
 Average Precision  (AP) @[ IoU=0.50:0.95 | area=   all | maxDets=100 ] = 0.477
 Average Precision  (AP) @[ IoU=0.50      | area=   all | maxDets=100 ] = 0.700
 Average Precision  (AP) @[ IoU=0.75      | area=   all | maxDets=100 ] = 0.536
 Average Precision  (AP) @[ IoU=0.50:0.95 | area= small | maxDets=100 ] = 0.119
 Average Precision  (AP) @[ IoU=0.50:0.95 | area=medium | maxDets=100 ] = 0.384
 Average Precision  (AP) @[ IoU=0.50:0.95 | area= large | maxDets=100 ] = 0.682
 Average Recall     (AR) @[ IoU=0.50:0.95 | area=   all | maxDets=  1 ] = 0.454
 Average Recall     (AR) @[ IoU=0.50:0.95 | area=   all | maxDets= 10 ] = 0.580
 Average Recall     (AR) @[ IoU=0.50:0.95 | area=   all | maxDets=100 ] = 0.580
 Average Recall     (AR) @[ IoU=0.50:0.95 | area= small | maxDets=100 ] = 0.260
 Average Recall     (AR) @[ IoU=0.50:0.95 | area=medium | maxDets=100 ] = 0.528
 Average Recall     (AR) @[ IoU=0.50:0.95 | area= large | maxDets=100 ] = 0.756
Number of samples with car: 9882
creating index...
index created!
Test:  [  0/618]  eta: 0:11:16  model_time: 0.6447 (0.6447)  evaluator_time: 0.1054 (0.1054)  time: 1.0944  data: 0.2926  max mem: 11319
Test:  [100/618]  eta: 0:09:00  model_time: 0.6205 (0.6180)  evaluator_time: 0.1017 (0.1171)  time: 1.0403  data: 0.2680  max mem: 11319
Test:  [200/618]  eta: 0:07:16  model_time: 0.6233 (0.6203)  evaluator_time: 0.1051 (0.1176)  time: 1.0458  data: 0.2681  max mem: 11319
Test:  [300/618]  eta: 0:05:32  model_time: 0.6241 (0.6215)  evaluator_time: 0.1100 (0.1186)  time: 1.0502  data: 0.2699  max mem: 11319
Test:  [400/618]  eta: 0:03:48  model_time: 0.6243 (0.6223)  evaluator_time: 0.1068 (0.1185)  time: 1.0452  data: 0.2676  max mem: 11319
Test:  [500/618]  eta: 0:02:03  model_time: 0.6243 (0.6227)  evaluator_time: 0.1090 (0.1180)  time: 1.0658  data: 0.2668  max mem: 11319
Test:  [600/618]  eta: 0:00:18  model_time: 0.6245 (0.6230)  evaluator_time: 0.1054 (0.1170)  time: 1.0477  data: 0.2682  max mem: 11319
Test:  [617/618]  eta: 0:00:01  model_time: 0.6237 (0.6227)  evaluator_time: 0.1035 (0.1176)  time: 1.0460  data: 0.2628  max mem: 11319
Test: Total time: 0:10:46 (1.0460 s / it)
Averaged stats: model_time: 0.6237 (0.6227)  evaluator_time: 0.1035 (0.1176)
Accumulating evaluation results...
DONE (t=4.22s).
IoU metric: bbox
 Average Precision  (AP) @[ IoU=0.50:0.95 | area=   all | maxDets=100 ] = 0.491
 Average Precision  (AP) @[ IoU=0.50      | area=   all | maxDets=100 ] = 0.812
 Average Precision  (AP) @[ IoU=0.75      | area=   all | maxDets=100 ] = 0.491
 Average Precision  (AP) @[ IoU=0.50:0.95 | area= small | maxDets=100 ] = 0.238
 Average Precision  (AP) @[ IoU=0.50:0.95 | area=medium | maxDets=100 ] = 0.567
 Average Precision  (AP) @[ IoU=0.50:0.95 | area= large | maxDets=100 ] = 0.817
 Average Recall     (AR) @[ IoU=0.50:0.95 | area=   all | maxDets=  1 ] = 0.082
 Average Recall     (AR) @[ IoU=0.50:0.95 | area=   all | maxDets= 10 ] = 0.454
 Average Recall     (AR) @[ IoU=0.50:0.95 | area=   all | maxDets=100 ] = 0.551
 Average Recall     (AR) @[ IoU=0.50:0.95 | area= small | maxDets=100 ] = 0.349
 Average Recall     (AR) @[ IoU=0.50:0.95 | area=medium | maxDets=100 ] = 0.625
 Average Recall     (AR) @[ IoU=0.50:0.95 | area= large | maxDets=100 ] = 0.856
Number of samples with motorcycle: 346
creating index...
index created!
Test:  [ 0/22]  eta: 0:00:21  model_time: 0.6297 (0.6297)  evaluator_time: 0.0159 (0.0159)  time: 0.9681  data: 0.2842  max mem: 11319
Test:  [21/22]  eta: 0:00:00  model_time: 0.6233 (0.6151)  evaluator_time: 0.0092 (0.0095)  time: 0.9323  data: 0.2713  max mem: 11319
Test: Total time: 0:00:20 (0.9352 s / it)
Averaged stats: model_time: 0.6233 (0.6151)  evaluator_time: 0.0092 (0.0095)
Accumulating evaluation results...
DONE (t=0.03s).
IoU metric: bbox
 Average Precision  (AP) @[ IoU=0.50:0.95 | area=   all | maxDets=100 ] = 0.217
 Average Precision  (AP) @[ IoU=0.50      | area=   all | maxDets=100 ] = 0.495
 Average Precision  (AP) @[ IoU=0.75      | area=   all | maxDets=100 ] = 0.151
 Average Precision  (AP) @[ IoU=0.50:0.95 | area= small | maxDets=100 ] = 0.061
 Average Precision  (AP) @[ IoU=0.50:0.95 | area=medium | maxDets=100 ] = 0.236
 Average Precision  (AP) @[ IoU=0.50:0.95 | area= large | maxDets=100 ] = 0.381
 Average Recall     (AR) @[ IoU=0.50:0.95 | area=   all | maxDets=  1 ] = 0.246
 Average Recall     (AR) @[ IoU=0.50:0.95 | area=   all | maxDets= 10 ] = 0.307
 Average Recall     (AR) @[ IoU=0.50:0.95 | area=   all | maxDets=100 ] = 0.310
 Average Recall     (AR) @[ IoU=0.50:0.95 | area= small | maxDets=100 ] = 0.115
 Average Recall     (AR) @[ IoU=0.50:0.95 | area=medium | maxDets=100 ] = 0.346
 Average Recall     (AR) @[ IoU=0.50:0.95 | area= large | maxDets=100 ] = 0.480
Number of samples with rider: 527
creating index...
index created!
Test:  [ 0/33]  eta: 0:00:31  model_time: 0.6277 (0.6277)  evaluator_time: 0.0074 (0.0074)  time: 0.9614  data: 0.2879  max mem: 11319
Test:  [32/33]  eta: 0:00:00  model_time: 0.6238 (0.6226)  evaluator_time: 0.0088 (0.0086)  time: 0.9452  data: 0.2760  max mem: 11319
Test: Total time: 0:00:31 (0.9468 s / it)
Averaged stats: model_time: 0.6238 (0.6226)  evaluator_time: 0.0088 (0.0086)
Accumulating evaluation results...
DONE (t=0.04s).
IoU metric: bbox
 Average Precision  (AP) @[ IoU=0.50:0.95 | area=   all | maxDets=100 ] = 0.199
 Average Precision  (AP) @[ IoU=0.50      | area=   all | maxDets=100 ] = 0.461
 Average Precision  (AP) @[ IoU=0.75      | area=   all | maxDets=100 ] = 0.139
 Average Precision  (AP) @[ IoU=0.50:0.95 | area= small | maxDets=100 ] = 0.032
 Average Precision  (AP) @[ IoU=0.50:0.95 | area=medium | maxDets=100 ] = 0.252
 Average Precision  (AP) @[ IoU=0.50:0.95 | area= large | maxDets=100 ] = 0.409
 Average Recall     (AR) @[ IoU=0.50:0.95 | area=   all | maxDets=  1 ] = 0.221
 Average Recall     (AR) @[ IoU=0.50:0.95 | area=   all | maxDets= 10 ] = 0.268
 Average Recall     (AR) @[ IoU=0.50:0.95 | area=   all | maxDets=100 ] = 0.268
 Average Recall     (AR) @[ IoU=0.50:0.95 | area= small | maxDets=100 ] = 0.070
 Average Recall     (AR) @[ IoU=0.50:0.95 | area=medium | maxDets=100 ] = 0.343
 Average Recall     (AR) @[ IoU=0.50:0.95 | area= large | maxDets=100 ] = 0.496
Number of samples with traffic light: 5651
creating index...
index created!
Test:  [  0/354]  eta: 0:06:02  model_time: 0.6321 (0.6321)  evaluator_time: 0.0479 (0.0479)  time: 1.0247  data: 0.2914  max mem: 11319
Test:  [100/354]  eta: 0:04:06  model_time: 0.6217 (0.6194)  evaluator_time: 0.0370 (0.0410)  time: 0.9689  data: 0.2708  max mem: 11319
Test:  [200/354]  eta: 0:02:29  model_time: 0.6242 (0.6215)  evaluator_time: 0.0350 (0.0417)  time: 0.9659  data: 0.2679  max mem: 11319
Test:  [300/354]  eta: 0:00:52  model_time: 0.6248 (0.6225)  evaluator_time: 0.0342 (0.0418)  time: 0.9822  data: 0.2660  max mem: 11319
Test:  [353/354]  eta: 0:00:00  model_time: 0.6244 (0.6214)  evaluator_time: 0.0350 (0.0418)  time: 0.9426  data: 0.2553  max mem: 11319
Test: Total time: 0:05:43 (0.9699 s / it)
Averaged stats: model_time: 0.6244 (0.6214)  evaluator_time: 0.0350 (0.0418)
Accumulating evaluation results...
DONE (t=1.30s).
IoU metric: bbox
 Average Precision  (AP) @[ IoU=0.50:0.95 | area=   all | maxDets=100 ] = 0.248
 Average Precision  (AP) @[ IoU=0.50      | area=   all | maxDets=100 ] = 0.666
 Average Precision  (AP) @[ IoU=0.75      | area=   all | maxDets=100 ] = 0.127
 Average Precision  (AP) @[ IoU=0.50:0.95 | area= small | maxDets=100 ] = 0.213
 Average Precision  (AP) @[ IoU=0.50:0.95 | area=medium | maxDets=100 ] = 0.436
 Average Precision  (AP) @[ IoU=0.50:0.95 | area= large | maxDets=100 ] = 0.455
 Average Recall     (AR) @[ IoU=0.50:0.95 | area=   all | maxDets=  1 ] = 0.082
 Average Recall     (AR) @[ IoU=0.50:0.95 | area=   all | maxDets= 10 ] = 0.329
 Average Recall     (AR) @[ IoU=0.50:0.95 | area=   all | maxDets=100 ] = 0.349
 Average Recall     (AR) @[ IoU=0.50:0.95 | area= small | maxDets=100 ] = 0.323
 Average Recall     (AR) @[ IoU=0.50:0.95 | area=medium | maxDets=100 ] = 0.525
 Average Recall     (AR) @[ IoU=0.50:0.95 | area= large | maxDets=100 ] = 0.500
Number of samples with traffic sign: 8211
creating index...
index created!
Test:  [  0/514]  eta: 0:08:43  model_time: 0.6309 (0.6309)  evaluator_time: 0.0377 (0.0377)  time: 1.0189  data: 0.2978  max mem: 11319
Test:  [100/514]  eta: 0:06:42  model_time: 0.6214 (0.6192)  evaluator_time: 0.0332 (0.0405)  time: 0.9658  data: 0.2712  max mem: 11319
Test:  [200/514]  eta: 0:05:05  model_time: 0.6238 (0.6211)  evaluator_time: 0.0314 (0.0394)  time: 0.9654  data: 0.2703  max mem: 11319
Test:  [300/514]  eta: 0:03:28  model_time: 0.6240 (0.6221)  evaluator_time: 0.0340 (0.0403)  time: 0.9684  data: 0.2712  max mem: 11319
Test:  [400/514]  eta: 0:01:50  model_time: 0.6245 (0.6227)  evaluator_time: 0.0350 (0.0394)  time: 0.9679  data: 0.2709  max mem: 11319
Test:  [500/514]  eta: 0:00:13  model_time: 0.6245 (0.6230)  evaluator_time: 0.0339 (0.0391)  time: 0.9661  data: 0.2673  max mem: 11319
Test:  [513/514]  eta: 0:00:00  model_time: 0.6243 (0.6221)  evaluator_time: 0.0345 (0.0397)  time: 0.9467  data: 0.2565  max mem: 11319
Test: Total time: 0:08:19 (0.9712 s / it)
Averaged stats: model_time: 0.6243 (0.6221)  evaluator_time: 0.0345 (0.0397)
Accumulating evaluation results...
DONE (t=2.10s).
IoU metric: bbox
 Average Precision  (AP) @[ IoU=0.50:0.95 | area=   all | maxDets=100 ] = 0.371
 Average Precision  (AP) @[ IoU=0.50      | area=   all | maxDets=100 ] = 0.710
 Average Precision  (AP) @[ IoU=0.75      | area=   all | maxDets=100 ] = 0.341
 Average Precision  (AP) @[ IoU=0.50:0.95 | area= small | maxDets=100 ] = 0.290
 Average Precision  (AP) @[ IoU=0.50:0.95 | area=medium | maxDets=100 ] = 0.564
 Average Precision  (AP) @[ IoU=0.50:0.95 | area= large | maxDets=100 ] = 0.723
 Average Recall     (AR) @[ IoU=0.50:0.95 | area=   all | maxDets=  1 ] = 0.139
 Average Recall     (AR) @[ IoU=0.50:0.95 | area=   all | maxDets= 10 ] = 0.459
 Average Recall     (AR) @[ IoU=0.50:0.95 | area=   all | maxDets=100 ] = 0.483
 Average Recall     (AR) @[ IoU=0.50:0.95 | area= small | maxDets=100 ] = 0.418
 Average Recall     (AR) @[ IoU=0.50:0.95 | area=medium | maxDets=100 ] = 0.657
 Average Recall     (AR) @[ IoU=0.50:0.95 | area= large | maxDets=100 ] = 0.790
Number of samples with truck: 2733
creating index...
index created!
Test:  [  0/171]  eta: 0:02:49  model_time: 0.6279 (0.6279)  evaluator_time: 0.0137 (0.0137)  time: 0.9917  data: 0.2976  max mem: 11319
Test:  [100/171]  eta: 0:01:07  model_time: 0.6237 (0.6220)  evaluator_time: 0.0124 (0.0175)  time: 0.9526  data: 0.2779  max mem: 11319
Test:  [170/171]  eta: 0:00:00  model_time: 0.6242 (0.6223)  evaluator_time: 0.0115 (0.0186)  time: 0.9553  data: 0.2714  max mem: 11319
Test: Total time: 0:02:43 (0.9558 s / it)
Averaged stats: model_time: 0.6242 (0.6223)  evaluator_time: 0.0115 (0.0186)
Accumulating evaluation results...
DONE (t=0.28s).
IoU metric: bbox
 Average Precision  (AP) @[ IoU=0.50:0.95 | area=   all | maxDets=100 ] = 0.433
 Average Precision  (AP) @[ IoU=0.50      | area=   all | maxDets=100 ] = 0.670
 Average Precision  (AP) @[ IoU=0.75      | area=   all | maxDets=100 ] = 0.473
 Average Precision  (AP) @[ IoU=0.50:0.95 | area= small | maxDets=100 ] = 0.138
 Average Precision  (AP) @[ IoU=0.50:0.95 | area=medium | maxDets=100 ] = 0.382
 Average Precision  (AP) @[ IoU=0.50:0.95 | area= large | maxDets=100 ] = 0.605
 Average Recall     (AR) @[ IoU=0.50:0.95 | area=   all | maxDets=  1 ] = 0.366
 Average Recall     (AR) @[ IoU=0.50:0.95 | area=   all | maxDets= 10 ] = 0.561
 Average Recall     (AR) @[ IoU=0.50:0.95 | area=   all | maxDets=100 ] = 0.561
 Average Recall     (AR) @[ IoU=0.50:0.95 | area= small | maxDets=100 ] = 0.286
 Average Recall     (AR) @[ IoU=0.50:0.95 | area=medium | maxDets=100 ] = 0.530
 Average Recall     (AR) @[ IoU=0.50:0.95 | area= large | maxDets=100 ] = 0.717